#
# There is insufficient memory for the Java Runtime Environment to continue.
# Native memory allocation (malloc) failed to allocate 32744 bytes. Error detail: Chunk::new
# Possible reasons:
#   The system is out of physical RAM or swap space
#   This process is running with CompressedOops enabled, and the Java Heap may be blocking the growth of the native heap
# Possible solutions:
#   Reduce memory load on the system
#   Increase physical memory or swap space
#   Check if swap backing store is full
#   Decrease Java heap size (-Xmx/-Xms)
#   Decrease number of Java threads
#   Decrease Java thread stack sizes (-Xss)
#   Set larger code cache with -XX:ReservedCodeCacheSize=
#   JVM is running with Unscaled Compressed Oops mode in which the Java heap is
#     placed in the first 4GB address space. The Java Heap base address is the
#     maximum limit for the native heap growth. Please use -XX:HeapBaseMinAddress
#     to set the Java Heap base and to place the Java Heap above 4GB virtual address.
# This output file may be truncated or incomplete.
#
#  Out of Memory Error (arena.cpp:168), pid=14072, tid=352
#
# JRE version: OpenJDK Runtime Environment Temurin-21.0.8+9 (21.0.8+9) (build 21.0.8+9-LTS)
# Java VM: OpenJDK 64-Bit Server VM Temurin-21.0.8+9 (21.0.8+9-LTS, mixed mode, sharing, tiered, compressed oops, compressed class ptrs, parallel gc, windows-amd64)
# No core dump will be written. Minidumps are not enabled by default on client versions of Windows
#

---------------  S U M M A R Y ------------

Command Line: --add-modules=ALL-SYSTEM --add-opens=java.base/java.util=ALL-UNNAMED --add-opens=java.base/java.lang=ALL-UNNAMED --add-opens=java.base/sun.nio.fs=ALL-UNNAMED -Declipse.application=org.eclipse.jdt.ls.core.id1 -Dosgi.bundles.defaultStartLevel=4 -Declipse.product=org.eclipse.jdt.ls.core.product -Djava.import.generatesMetadataFilesAtProjectRoot=false -DDetectVMInstallationsJob.disabled=true -Dfile.encoding=utf8 -XX:+UseParallelGC -XX:GCTimeRatio=4 -XX:AdaptiveSizePolicyWeight=90 -Dsun.zip.disableMemoryMapping=true -Xmx2G -Xms100m -Xlog:disable -javaagent:c:\Users\santi\.vscode\extensions\redhat.java-1.46.0-win32-x64\lombok\lombok-1.18.39-4050.jar c:\Users\santi\.vscode\extensions\redhat.java-1.46.0-win32-x64\server\plugins\org.eclipse.equinox.launcher_1.7.0.v20250519-0528.jar -configuration c:\Users\santi\AppData\Roaming\Code\User\globalStorage\redhat.java\1.46.0\config_ss_win -data c:\Users\santi\AppData\Roaming\Code\User\workspaceStorage\69164ae74b4432cac3d4f90c7d72ace6\redhat.java\ss_ws --pipe=\\.\pipe\lsp-de096c4999eb65f63af870d6a1123a7a-sock

Host: AMD Athlon Gold 3150U with Radeon Graphics     , 4 cores, 3G,  Windows 10 , 64 bit Build 19041 (10.0.19041.5915)
Time: Tue Oct 21 15:03:43 2025 Hora est. Pacífico, Sudamérica elapsed time: 8.718033 seconds (0d 0h 0m 8s)

---------------  T H R E A D  ---------------

Current thread (0x00000297dea5ffa0):  JavaThread "C2 CompilerThread0" daemon [_thread_in_native, id=352, stack(0x000000d9ee600000,0x000000d9ee700000) (1024K)]


Current CompileTask:
C2:8718 2561       4       java.lang.invoke.MethodType::makeImpl (109 bytes)

Stack: [0x000000d9ee600000,0x000000d9ee700000]
Native frames: (J=compiled Java code, j=interpreted, Vv=VM code, C=native code)
V  [jvm.dll+0x6d2449]
V  [jvm.dll+0x8ae341]
V  [jvm.dll+0x8b08be]
V  [jvm.dll+0x8b0fa3]
V  [jvm.dll+0x280c96]
V  [jvm.dll+0xc581d]
V  [jvm.dll+0xc5d53]
V  [jvm.dll+0x3be99d]
V  [jvm.dll+0x3be1c1]
V  [jvm.dll+0x3be204]
V  [jvm.dll+0x5da626]
V  [jvm.dll+0x5dad75]
V  [jvm.dll+0x385344]
V  [jvm.dll+0x38477a]
V  [jvm.dll+0x248ed0]
V  [jvm.dll+0x2484af]
V  [jvm.dll+0x1c89ee]
V  [jvm.dll+0x257d4d]
V  [jvm.dll+0x2562ea]
V  [jvm.dll+0x3f2d16]
V  [jvm.dll+0x857e6b]
V  [jvm.dll+0x6d0b0d]
C  [ucrtbase.dll+0x21bb2]
C  [KERNEL32.DLL+0x17374]
C  [ntdll.dll+0x4cc91]


---------------  P R O C E S S  ---------------

Threads class SMR info:
_java_thread_list=0x00000297f64e80f0, length=19, elements={
0x00000297dc972bd0, 0x00000297dea4a9d0, 0x00000297dea4c2d0, 0x00000297dea4e460,
0x00000297dea4f370, 0x00000297dea54cb0, 0x00000297dea598c0, 0x00000297dea5ffa0,
0x00000297dea5d810, 0x00000297dec25d70, 0x00000297f63d9c50, 0x00000297f69da530,
0x00000297f6ab2c60, 0x00000297f6ab3810, 0x00000297f6b03ca0, 0x00000297f64687a0,
0x00000297f65db340, 0x00000297f62f3fa0, 0x00000297f64fc9b0
}

Java Threads: ( => current thread )
  0x00000297dc972bd0 JavaThread "main"                              [_thread_blocked, id=8536, stack(0x000000d9edc00000,0x000000d9edd00000) (1024K)]
  0x00000297dea4a9d0 JavaThread "Reference Handler"          daemon [_thread_blocked, id=2984, stack(0x000000d9ee000000,0x000000d9ee100000) (1024K)]
  0x00000297dea4c2d0 JavaThread "Finalizer"                  daemon [_thread_blocked, id=13032, stack(0x000000d9ee100000,0x000000d9ee200000) (1024K)]
  0x00000297dea4e460 JavaThread "Signal Dispatcher"          daemon [_thread_blocked, id=14080, stack(0x000000d9ee200000,0x000000d9ee300000) (1024K)]
  0x00000297dea4f370 JavaThread "Attach Listener"            daemon [_thread_blocked, id=12268, stack(0x000000d9ee300000,0x000000d9ee400000) (1024K)]
  0x00000297dea54cb0 JavaThread "Service Thread"             daemon [_thread_blocked, id=10540, stack(0x000000d9ee400000,0x000000d9ee500000) (1024K)]
  0x00000297dea598c0 JavaThread "Monitor Deflation Thread"   daemon [_thread_blocked, id=4016, stack(0x000000d9ee500000,0x000000d9ee600000) (1024K)]
=>0x00000297dea5ffa0 JavaThread "C2 CompilerThread0"         daemon [_thread_in_native, id=352, stack(0x000000d9ee600000,0x000000d9ee700000) (1024K)]
  0x00000297dea5d810 JavaThread "C1 CompilerThread0"         daemon [_thread_blocked, id=8888, stack(0x000000d9ee700000,0x000000d9ee800000) (1024K)]
  0x00000297dec25d70 JavaThread "Common-Cleaner"             daemon [_thread_blocked, id=7572, stack(0x000000d9ee800000,0x000000d9ee900000) (1024K)]
  0x00000297f63d9c50 JavaThread "Notification Thread"        daemon [_thread_blocked, id=4024, stack(0x000000d9ee900000,0x000000d9eea00000) (1024K)]
  0x00000297f69da530 JavaThread "Active Thread: Equinox Container: a8a4cb0d-82cd-4171-adcc-ba3b7e16dbce"        [_thread_blocked, id=8868, stack(0x000000d9eed00000,0x000000d9eee00000) (1024K)]
  0x00000297f6ab2c60 JavaThread "Framework Event Dispatcher: Equinox Container: a8a4cb0d-82cd-4171-adcc-ba3b7e16dbce" daemon [_thread_blocked, id=10356, stack(0x000000d9eee00000,0x000000d9eef00000) (1024K)]
  0x00000297f6ab3810 JavaThread "Start Level: Equinox Container: a8a4cb0d-82cd-4171-adcc-ba3b7e16dbce" daemon [_thread_in_vm, id=9352, stack(0x000000d9eef00000,0x000000d9ef000000) (1024K)]
  0x00000297f6b03ca0 JavaThread "SCR Component Actor"        daemon [_thread_blocked, id=14160, stack(0x000000d9ef000000,0x000000d9ef100000) (1024K)]
  0x00000297f64687a0 JavaThread "Worker-JM"                         [_thread_blocked, id=14084, stack(0x000000d9ef100000,0x000000d9ef200000) (1024K)]
  0x00000297f65db340 JavaThread "JNA Cleaner"                daemon [_thread_blocked, id=14280, stack(0x000000d9ef200000,0x000000d9ef300000) (1024K)]
  0x00000297f62f3fa0 JavaThread "Worker-0"                          [_thread_blocked, id=5360, stack(0x000000d9ef300000,0x000000d9ef400000) (1024K)]
  0x00000297f64fc9b0 JavaThread "Worker-1"                          [_thread_blocked, id=2300, stack(0x000000d9ef400000,0x000000d9ef500000) (1024K)]
Total: 19

Other Threads:
  0x00000297dea2cce0 VMThread "VM Thread"                           [id=11892, stack(0x000000d9edf00000,0x000000d9ee000000) (1024K)]
  0x00000297de9a1c40 WatcherThread "VM Periodic Task Thread"        [id=11932, stack(0x000000d9ede00000,0x000000d9edf00000) (1024K)]
  0x00000297deb7d3f0 WorkerThread "GC Thread#0"                     [id=13612, stack(0x000000d9edd00000,0x000000d9ede00000) (1024K)]
  0x00000297f6676c40 WorkerThread "GC Thread#1"                     [id=4980, stack(0x000000d9eea00000,0x000000d9eeb00000) (1024K)]
  0x00000297f660dc40 WorkerThread "GC Thread#2"                     [id=14164, stack(0x000000d9eeb00000,0x000000d9eec00000) (1024K)]
  0x00000297f67a1fd0 WorkerThread "GC Thread#3"                     [id=11156, stack(0x000000d9eec00000,0x000000d9eed00000) (1024K)]
Total: 6

Threads with active compile tasks:
C2 CompilerThread0  8758 2561       4       java.lang.invoke.MethodType::makeImpl (109 bytes)
Total: 1

VM state: not at safepoint (normal execution)

VM Mutex/Monitor currently owned by a thread:  ([mutex/lock_event])
[0x00007ffb484f5a58] Module_lock - owner thread: 0x00000297f6ab3810

Heap address: 0x0000000080000000, size: 2048 MB, Compressed Oops mode: 32-bit

CDS archive(s) mapped at: [0x0000029780000000-0x0000029780ba0000-0x0000029780ba0000), size 12189696, SharedBaseAddress: 0x0000029780000000, ArchiveRelocationMode: 1.
Compressed class space mapped at: 0x0000029781000000-0x00000297c1000000, reserved size: 1073741824
Narrow klass base: 0x0000029780000000, Narrow klass shift: 0, Narrow klass range: 0x100000000

GC Precious Log:
 CardTable entry size: 512
 CPUs: 4 total, 4 available
 Memory: 3521M
 Large Page Support: Disabled
 NUMA Support: Disabled
 Compressed Oops: Enabled (32-bit)
 Alignments: Space 512K, Generation 512K, Heap 2M
 Heap Min Capacity: 100M
 Heap Initial Capacity: 100M
 Heap Max Capacity: 2G
 Pre-touch: Disabled
 Parallel Workers: 4

Heap:
 PSYoungGen      total 29696K, used 26325K [0x00000000d5580000, 0x00000000d7680000, 0x0000000100000000)
  eden space 25600K, 86% used [0x00000000d5580000,0x00000000d6b3be70,0x00000000d6e80000)
  from space 4096K, 99% used [0x00000000d6e80000,0x00000000d7279858,0x00000000d7280000)
  to   space 4096K, 0% used [0x00000000d7280000,0x00000000d7280000,0x00000000d7680000)
 ParOldGen       total 68608K, used 2696K [0x0000000080000000, 0x0000000084300000, 0x00000000d5580000)
  object space 68608K, 3% used [0x0000000080000000,0x00000000802a23e0,0x0000000084300000)
 Metaspace       used 16523K, committed 17216K, reserved 1114112K
  class space    used 1745K, committed 2048K, reserved 1048576K

Card table byte_map: [0x00000297de510000,0x00000297de920000] _byte_map_base: 0x00000297de110000

Marking Bits: (ParMarkBitMap*) 0x00007ffb484fa340
 Begin Bits: [0x00000297f1010000, 0x00000297f3010000)
 End Bits:   [0x00000297f3010000, 0x00000297f5010000)

Polling page: 0x00000297dc8e0000

Metaspace:

Usage:
  Non-class:     14.43 MB used.
      Class:      1.70 MB used.
       Both:     16.14 MB used.

Virtual space:
  Non-class space:       64.00 MB reserved,      14.81 MB ( 23%) committed,  1 nodes.
      Class space:        1.00 GB reserved,       2.00 MB ( <1%) committed,  1 nodes.
             Both:        1.06 GB reserved,      16.81 MB (  2%) committed. 

Chunk freelists:
   Non-Class:  736.00 KB
       Class:  13.84 MB
        Both:  14.56 MB

MaxMetaspaceSize: unlimited
CompressedClassSpaceSize: 1.00 GB
Initial GC threshold: 21.00 MB
Current GC threshold: 21.00 MB
CDS: on
 - commit_granule_bytes: 65536.
 - commit_granule_words: 8192.
 - virtual_space_node_default_size: 8388608.
 - enlarge_chunks_in_place: 1.
 - use_allocation_guard: 0.


Internal statistics:

num_allocs_failed_limit: 0.
num_arena_births: 502.
num_arena_deaths: 0.
num_vsnodes_births: 2.
num_vsnodes_deaths: 0.
num_space_committed: 269.
num_space_uncommitted: 0.
num_chunks_returned_to_freelist: 0.
num_chunks_taken_from_freelist: 1128.
num_chunk_merges: 0.
num_chunk_splits: 701.
num_chunks_enlarged: 443.
num_inconsistent_stats: 0.

CodeHeap 'non-profiled nmethods': size=120000Kb used=1032Kb max_used=1032Kb free=118968Kb
 bounds [0x00000297e9830000, 0x00000297e9aa0000, 0x00000297f0d60000]
CodeHeap 'profiled nmethods': size=120000Kb used=4869Kb max_used=4869Kb free=115130Kb
 bounds [0x00000297e1d60000, 0x00000297e2230000, 0x00000297e9290000]
CodeHeap 'non-nmethods': size=5760Kb used=1276Kb max_used=1291Kb free=4483Kb
 bounds [0x00000297e9290000, 0x00000297e9500000, 0x00000297e9830000]
CodeCache: size=245760Kb, used=7177Kb, max_used=7192Kb, free=238581Kb
 total_blobs=3125, nmethods=2577, adapters=454, full_count=0
Compilation: enabled, stopped_count=0, restarted_count=0

Compilation events (20 events):
Event: 8.472 Thread 0x00000297dea5d810 nmethod 2567 0x00000297e2218290 code [0x00000297e22186a0, 0x00000297e221a720]
Event: 8.472 Thread 0x00000297dea5d810 2569       3       org.eclipse.core.internal.dtree.AbstractDataTreeNode::indexOfChild (75 bytes)
Event: 8.472 Thread 0x00000297dea5d810 nmethod 2569 0x00000297e221b290 code [0x00000297e221b460, 0x00000297e221b7b0]
Event: 8.472 Thread 0x00000297dea5d810 2568       1       org.eclipse.core.internal.resources.Resource::getFullPath (5 bytes)
Event: 8.473 Thread 0x00000297dea5d810 nmethod 2568 0x00000297e9931a10 code [0x00000297e9931ba0, 0x00000297e9931c68]
Event: 8.474 Thread 0x00000297dea5d810 2570       3       org.eclipse.core.internal.preferences.EclipsePreferences::node (8 bytes)
Event: 8.475 Thread 0x00000297dea5d810 nmethod 2570 0x00000297e221b990 code [0x00000297e221bb40, 0x00000297e221bd18]
Event: 8.482 Thread 0x00000297dea5d810 2572       3       java.lang.ref.SoftReference::get (29 bytes)
Event: 8.482 Thread 0x00000297dea5d810 nmethod 2572 0x00000297e221be10 code [0x00000297e221bfc0, 0x00000297e221c158]
Event: 8.531 Thread 0x00000297dea5d810 2573       3       java.lang.ThreadLocal$ThreadLocalMap::nextIndex (15 bytes)
Event: 8.531 Thread 0x00000297dea5d810 nmethod 2573 0x00000297e221c210 code [0x00000297e221c3a0, 0x00000297e221c4d8]
Event: 8.705 Thread 0x00000297dea5d810 2575       3       jdk.internal.org.objectweb.asm.SymbolTable::putBootstrapMethods (56 bytes)
Event: 8.705 Thread 0x00000297dea5d810 nmethod 2575 0x00000297e221c590 code [0x00000297e221c7a0, 0x00000297e221cac0]
Event: 8.713 Thread 0x00000297dea5d810 2576       3       java.lang.Double::parseDouble (5 bytes)
Event: 8.713 Thread 0x00000297dea5d810 nmethod 2576 0x00000297e221cc90 code [0x00000297e221ce60, 0x00000297e221d0a0]
Event: 8.713 Thread 0x00000297dea5d810 2577       3       org.eclipse.jdt.core.JavaCore$$Lambda/0x00000297812258f8::applyAsDouble (8 bytes)
Event: 8.713 Thread 0x00000297dea5d810 nmethod 2577 0x00000297e221d190 code [0x00000297e221d340, 0x00000297e221d570]
Event: 8.713 Thread 0x00000297dea5d810 2578   !   3       org.eclipse.jdt.core.JavaCore::lambda$0 (8 bytes)
Event: 8.714 Thread 0x00000297dea5d810 nmethod 2578 0x00000297e221d610 code [0x00000297e221d7e0, 0x00000297e221daf0]
Event: 8.714 Thread 0x00000297dea5d810 2580       3       jdk.internal.math.FloatingDecimal$ASCIIToBinaryBuffer::doubleValue (1194 bytes)

GC Heap History (6 events):
Event: 1.920 GC heap before
{Heap before GC invocations=1 (full 0):
 PSYoungGen      total 29696K, used 25600K [0x00000000d5580000, 0x00000000d7680000, 0x0000000100000000)
  eden space 25600K, 100% used [0x00000000d5580000,0x00000000d6e80000,0x00000000d6e80000)
  from space 4096K, 0% used [0x00000000d7280000,0x00000000d7280000,0x00000000d7680000)
  to   space 4096K, 0% used [0x00000000d6e80000,0x00000000d6e80000,0x00000000d7280000)
 ParOldGen       total 68608K, used 0K [0x0000000080000000, 0x0000000084300000, 0x00000000d5580000)
  object space 68608K, 0% used [0x0000000080000000,0x0000000080000000,0x0000000084300000)
 Metaspace       used 4343K, committed 4608K, reserved 1114112K
  class space    used 472K, committed 576K, reserved 1048576K
}
Event: 1.936 GC heap after
{Heap after GC invocations=1 (full 0):
 PSYoungGen      total 29696K, used 3335K [0x00000000d5580000, 0x00000000d7680000, 0x0000000100000000)
  eden space 25600K, 0% used [0x00000000d5580000,0x00000000d5580000,0x00000000d6e80000)
  from space 4096K, 81% used [0x00000000d6e80000,0x00000000d71c1e18,0x00000000d7280000)
  to   space 4096K, 0% used [0x00000000d7280000,0x00000000d7280000,0x00000000d7680000)
 ParOldGen       total 68608K, used 16K [0x0000000080000000, 0x0000000084300000, 0x00000000d5580000)
  object space 68608K, 0% used [0x0000000080000000,0x0000000080004000,0x0000000084300000)
 Metaspace       used 4343K, committed 4608K, reserved 1114112K
  class space    used 472K, committed 576K, reserved 1048576K
}
Event: 4.667 GC heap before
{Heap before GC invocations=2 (full 0):
 PSYoungGen      total 29696K, used 28935K [0x00000000d5580000, 0x00000000d7680000, 0x0000000100000000)
  eden space 25600K, 100% used [0x00000000d5580000,0x00000000d6e80000,0x00000000d6e80000)
  from space 4096K, 81% used [0x00000000d6e80000,0x00000000d71c1e18,0x00000000d7280000)
  to   space 4096K, 0% used [0x00000000d7280000,0x00000000d7280000,0x00000000d7680000)
 ParOldGen       total 68608K, used 16K [0x0000000080000000, 0x0000000084300000, 0x00000000d5580000)
  object space 68608K, 0% used [0x0000000080000000,0x0000000080004000,0x0000000084300000)
 Metaspace       used 8195K, committed 8512K, reserved 1114112K
  class space    used 874K, committed 1024K, reserved 1048576K
}
Event: 4.680 GC heap after
{Heap after GC invocations=2 (full 0):
 PSYoungGen      total 29696K, used 4077K [0x00000000d5580000, 0x00000000d7680000, 0x0000000100000000)
  eden space 25600K, 0% used [0x00000000d5580000,0x00000000d5580000,0x00000000d6e80000)
  from space 4096K, 99% used [0x00000000d7280000,0x00000000d767b610,0x00000000d7680000)
  to   space 4096K, 0% used [0x00000000d6e80000,0x00000000d6e80000,0x00000000d7280000)
 ParOldGen       total 68608K, used 927K [0x0000000080000000, 0x0000000084300000, 0x00000000d5580000)
  object space 68608K, 1% used [0x0000000080000000,0x00000000800e7cb8,0x0000000084300000)
 Metaspace       used 8195K, committed 8512K, reserved 1114112K
  class space    used 874K, committed 1024K, reserved 1048576K
}
Event: 6.302 GC heap before
{Heap before GC invocations=3 (full 0):
 PSYoungGen      total 29696K, used 29677K [0x00000000d5580000, 0x00000000d7680000, 0x0000000100000000)
  eden space 25600K, 100% used [0x00000000d5580000,0x00000000d6e80000,0x00000000d6e80000)
  from space 4096K, 99% used [0x00000000d7280000,0x00000000d767b610,0x00000000d7680000)
  to   space 4096K, 0% used [0x00000000d6e80000,0x00000000d6e80000,0x00000000d7280000)
 ParOldGen       total 68608K, used 927K [0x0000000080000000, 0x0000000084300000, 0x00000000d5580000)
  object space 68608K, 1% used [0x0000000080000000,0x00000000800e7cb8,0x0000000084300000)
 Metaspace       used 13021K, committed 13504K, reserved 1114112K
  class space    used 1383K, committed 1600K, reserved 1048576K
}
Event: 6.314 GC heap after
{Heap after GC invocations=3 (full 0):
 PSYoungGen      total 29696K, used 4070K [0x00000000d5580000, 0x00000000d7680000, 0x0000000100000000)
  eden space 25600K, 0% used [0x00000000d5580000,0x00000000d5580000,0x00000000d6e80000)
  from space 4096K, 99% used [0x00000000d6e80000,0x00000000d7279858,0x00000000d7280000)
  to   space 4096K, 0% used [0x00000000d7280000,0x00000000d7280000,0x00000000d7680000)
 ParOldGen       total 68608K, used 2696K [0x0000000080000000, 0x0000000084300000, 0x00000000d5580000)
  object space 68608K, 3% used [0x0000000080000000,0x00000000802a23e0,0x0000000084300000)
 Metaspace       used 13021K, committed 13504K, reserved 1114112K
  class space    used 1383K, committed 1600K, reserved 1048576K
}

Dll operation events (10 events):
Event: 0.025 Loaded shared library c:\Users\santi\.vscode\extensions\redhat.java-1.46.0-win32-x64\jre\21.0.8-win32-x86_64\bin\java.dll
Event: 0.205 Loaded shared library c:\Users\santi\.vscode\extensions\redhat.java-1.46.0-win32-x64\jre\21.0.8-win32-x86_64\bin\zip.dll
Event: 0.272 Loaded shared library C:\Users\santi\.vscode\extensions\redhat.java-1.46.0-win32-x64\jre\21.0.8-win32-x86_64\bin\instrument.dll
Event: 0.285 Loaded shared library C:\Users\santi\.vscode\extensions\redhat.java-1.46.0-win32-x64\jre\21.0.8-win32-x86_64\bin\net.dll
Event: 0.291 Loaded shared library C:\Users\santi\.vscode\extensions\redhat.java-1.46.0-win32-x64\jre\21.0.8-win32-x86_64\bin\nio.dll
Event: 0.298 Loaded shared library C:\Users\santi\.vscode\extensions\redhat.java-1.46.0-win32-x64\jre\21.0.8-win32-x86_64\bin\zip.dll
Event: 0.383 Loaded shared library C:\Users\santi\.vscode\extensions\redhat.java-1.46.0-win32-x64\jre\21.0.8-win32-x86_64\bin\jimage.dll
Event: 0.545 Loaded shared library c:\Users\santi\.vscode\extensions\redhat.java-1.46.0-win32-x64\jre\21.0.8-win32-x86_64\bin\verify.dll
Event: 4.569 Loaded shared library C:\Users\santi\AppData\Roaming\Code\User\globalStorage\redhat.java\1.46.0\config_ss_win\org.eclipse.equinox.launcher\org.eclipse.equinox.launcher.win32.win32.x86_64_1.2.1400.v20250801-0854\eclipse_11916.dll
Event: 8.201 Loaded shared library C:\Users\santi\AppData\Local\Temp\jna-109204053\jna9905028354475104788.dll

Deoptimization events (20 events):
Event: 7.059 Thread 0x00000297f6ab3810 Uncommon trap: trap_request=0xffffff45 fr.pc=0x00000297e98ac624 relative=0x0000000000000464
Event: 7.059 Thread 0x00000297f6ab3810 Uncommon trap: reason=unstable_if action=reinterpret pc=0x00000297e98ac624 method=java.io.BufferedInputStream.implRead([BII)I @ 55 c2
Event: 7.059 Thread 0x00000297f6ab3810 DEOPT PACKING pc=0x00000297e98ac624 sp=0x000000d9eeff8eb0
Event: 7.059 Thread 0x00000297f6ab3810 DEOPT UNPACKING pc=0x00000297e92e3aa2 sp=0x000000d9eeff8e88 mode 2
Event: 7.153 Thread 0x00000297f6ab3810 Uncommon trap: trap_request=0xffffff45 fr.pc=0x00000297e986589c relative=0x000000000000067c
Event: 7.153 Thread 0x00000297f6ab3810 Uncommon trap: reason=unstable_if action=reinterpret pc=0x00000297e986589c method=java.lang.String.replace(Ljava/lang/CharSequence;Ljava/lang/CharSequence;)Ljava/lang/String; @ 42 c2
Event: 7.153 Thread 0x00000297f6ab3810 DEOPT PACKING pc=0x00000297e986589c sp=0x000000d9eeff74f0
Event: 7.153 Thread 0x00000297f6ab3810 DEOPT UNPACKING pc=0x00000297e92e3aa2 sp=0x000000d9eeff7470 mode 2
Event: 7.282 Thread 0x00000297f6ab3810 DEOPT PACKING pc=0x00000297e21e3339 sp=0x000000d9eeff5e20
Event: 7.282 Thread 0x00000297f6ab3810 DEOPT UNPACKING pc=0x00000297e92e4242 sp=0x000000d9eeff52b8 mode 0
Event: 8.289 Thread 0x00000297f6ab3810 DEOPT PACKING pc=0x00000297e212b7b5 sp=0x000000d9eeff7060
Event: 8.289 Thread 0x00000297f6ab3810 DEOPT UNPACKING pc=0x00000297e92e4242 sp=0x000000d9eeff6588 mode 0
Event: 8.370 Thread 0x00000297f6ab3810 Uncommon trap: trap_request=0xffffff45 fr.pc=0x00000297e9924324 relative=0x0000000000000084
Event: 8.370 Thread 0x00000297f6ab3810 Uncommon trap: reason=unstable_if action=reinterpret pc=0x00000297e9924324 method=java.lang.ref.SoftReference.get()Ljava/lang/Object; @ 6 c2
Event: 8.370 Thread 0x00000297f6ab3810 DEOPT PACKING pc=0x00000297e9924324 sp=0x000000d9eeff9670
Event: 8.370 Thread 0x00000297f6ab3810 DEOPT UNPACKING pc=0x00000297e92e3aa2 sp=0x000000d9eeff9608 mode 2
Event: 8.703 Thread 0x00000297f6ab3810 Uncommon trap: trap_request=0xffffff45 fr.pc=0x00000297e991b3f0 relative=0x0000000000001010
Event: 8.703 Thread 0x00000297f6ab3810 Uncommon trap: reason=unstable_if action=reinterpret pc=0x00000297e991b3f0 method=jdk.internal.org.objectweb.asm.Frame.execute(IILjdk/internal/org/objectweb/asm/Symbol;Ljdk/internal/org/objectweb/asm/SymbolTable;)V @ 1 c2
Event: 8.703 Thread 0x00000297f6ab3810 DEOPT PACKING pc=0x00000297e991b3f0 sp=0x000000d9eeff7cf0
Event: 8.703 Thread 0x00000297f6ab3810 DEOPT UNPACKING pc=0x00000297e92e3aa2 sp=0x000000d9eeff7c78 mode 2

Classes loaded (20 events):
Event: 8.287 Loading class java/lang/Short$ShortCache done
Event: 8.360 Loading class java/util/function/LongUnaryOperator
Event: 8.360 Loading class java/util/function/LongUnaryOperator done
Event: 8.361 Loading class java/lang/ThreadDeath
Event: 8.361 Loading class java/lang/ThreadDeath done
Event: 8.379 Loading class java/util/stream/SortedOps$SizedRefSortingSink
Event: 8.379 Loading class java/util/stream/SortedOps$SizedRefSortingSink done
Event: 8.411 Loading class java/util/concurrent/locks/ReentrantReadWriteLock$Sync$HoldCounter
Event: 8.411 Loading class java/util/concurrent/locks/ReentrantReadWriteLock$Sync$HoldCounter done
Event: 8.439 Loading class java/util/concurrent/atomic/Striped64$1
Event: 8.440 Loading class java/util/concurrent/atomic/Striped64$1 done
Event: 8.525 Loading class java/net/SocketAddress
Event: 8.525 Loading class java/net/SocketAddress done
Event: 8.525 Loading class java/net/InetSocketAddress
Event: 8.526 Loading class java/net/InetSocketAddress done
Event: 8.526 Loading class java/nio/channels/AsynchronousByteChannel
Event: 8.526 Loading class java/nio/channels/AsynchronousChannel
Event: 8.526 Loading class java/nio/channels/AsynchronousChannel done
Event: 8.526 Loading class java/nio/channels/AsynchronousByteChannel done
Event: 8.714 Loading class java/util/Collections$UnmodifiableSortedSet

Classes unloaded (0 events):
No events

Classes redefined (0 events):
No events

Internal exceptions (20 events):
Event: 8.246 Thread 0x00000297f6ab3810 Exception <a 'java/lang/NoSuchMethodError'{0x00000000d63a3e30}: 'void java.lang.invoke.DirectMethodHandle$Holder.invokeSpecial(java.lang.Object, java.lang.Object, java.lang.Object, int)'> (0x00000000d63a3e30) 
thrown [s\src\hotspot\share\interpreter\linkResolver.cpp, line 773]
Event: 8.247 Thread 0x00000297f6ab3810 Exception <a 'java/lang/NoSuchMethodError'{0x00000000d63a77c0}: 'void java.lang.invoke.DelegatingMethodHandle$Holder.reinvoke_L(java.lang.Object, java.lang.Object, int)'> (0x00000000d63a77c0) 
thrown [s\src\hotspot\share\interpreter\linkResolver.cpp, line 773]
Event: 8.248 Thread 0x00000297f6ab3810 Exception <a 'java/lang/NoSuchMethodError'{0x00000000d63ae4a8}: 'int java.lang.invoke.Invokers$Holder.invokeExact_MT(java.lang.Object, java.lang.Object, java.lang.Object)'> (0x00000000d63ae4a8) 
thrown [s\src\hotspot\share\interpreter\linkResolver.cpp, line 773]
Event: 8.292 Thread 0x00000297f6ab3810 Exception <a 'java/lang/NoSuchMethodError'{0x00000000d64ba448}: 'void java.lang.invoke.Invokers$Holder.invokeExact_MT(java.lang.Object, java.lang.Object, int, java.lang.Object)'> (0x00000000d64ba448) 
thrown [s\src\hotspot\share\interpreter\linkResolver.cpp, line 773]
Event: 8.342 Thread 0x00000297f6ab3810 Exception <a 'java/lang/NoSuchMethodError'{0x00000000d65bdca8}: 'java.lang.Object java.lang.invoke.DirectMethodHandle$Holder.invokeSpecial(java.lang.Object, java.lang.Object, java.lang.Object, long, java.lang.Object)'> (0x00000000d65bdca8) 
thrown [s\src\hotspot\share\interpreter\linkResolver.cpp, line 773]
Event: 8.355 Thread 0x00000297f6ab3810 Exception <a 'java/lang/NoSuchMethodError'{0x00000000d65c54f0}: 'java.lang.Object java.lang.invoke.DirectMethodHandle$Holder.newInvokeSpecial(java.lang.Object, java.lang.Object, java.lang.Object, long)'> (0x00000000d65c54f0) 
thrown [s\src\hotspot\share\interpreter\linkResolver.cpp, line 773]
Event: 8.357 Thread 0x00000297f6ab3810 Exception <a 'java/lang/NoSuchMethodError'{0x00000000d65c98e0}: 'java.lang.Object java.lang.invoke.DirectMethodHandle$Holder.invokeSpecial(java.lang.Object, java.lang.Object, java.lang.Object, java.lang.Object, long)'> (0x00000000d65c98e0) 
thrown [s\src\hotspot\share\interpreter\linkResolver.cpp, line 773]
Event: 8.358 Thread 0x00000297f6ab3810 Exception <a 'java/lang/NoSuchMethodError'{0x00000000d65cd500}: 'java.lang.Object java.lang.invoke.Invokers$Holder.linkToTargetMethod(java.lang.Object, java.lang.Object, long, java.lang.Object)'> (0x00000000d65cd500) 
thrown [s\src\hotspot\share\interpreter\linkResolver.cpp, line 773]
Event: 8.375 Thread 0x00000297f6ab3810 Exception <a 'java/lang/NoSuchMethodError'{0x00000000d663fc40}: 'int java.lang.invoke.DirectMethodHandle$Holder.invokeStaticInit(java.lang.Object, java.lang.Object, java.lang.Object)'> (0x00000000d663fc40) 
thrown [s\src\hotspot\share\interpreter\linkResolver.cpp, line 773]
Event: 8.393 Thread 0x00000297f6ab3810 Exception <a 'java/lang/IncompatibleClassChangeError'{0x00000000d66c2910}: Found class java.lang.Object, but interface was expected> (0x00000000d66c2910) 
thrown [s\src\hotspot\share\interpreter\linkResolver.cpp, line 840]
Event: 8.401 Thread 0x00000297f6ab3810 Exception <a 'java/lang/NoSuchMethodError'{0x00000000d66d5248}: 'java.lang.Object java.lang.invoke.DirectMethodHandle$Holder.invokeSpecial(java.lang.Object, java.lang.Object, java.lang.Object, int, java.lang.Object, java.lang.Object)'> (0x00000000d66d5248) 
thrown [s\src\hotspot\share\interpreter\linkResolver.cpp, line 773]
Event: 8.402 Thread 0x00000297f6ab3810 Exception <a 'java/lang/NoSuchMethodError'{0x00000000d66dcd20}: 'java.lang.Object java.lang.invoke.DirectMethodHandle$Holder.newInvokeSpecial(java.lang.Object, java.lang.Object, java.lang.Object, int, java.lang.Object)'> (0x00000000d66dcd20) 
thrown [s\src\hotspot\share\interpreter\linkResolver.cpp, line 773]
Event: 8.403 Thread 0x00000297f6ab3810 Exception <a 'java/lang/NoSuchMethodError'{0x00000000d66e0ce0}: 'java.lang.Object java.lang.invoke.DirectMethodHandle$Holder.invokeSpecial(java.lang.Object, java.lang.Object, java.lang.Object, java.lang.Object, int, java.lang.Object)'> (0x00000000d66e0ce0) 
thrown [s\src\hotspot\share\interpreter\linkResolver.cpp, line 773]
Event: 8.403 Thread 0x00000297f6ab3810 Exception <a 'java/lang/NoSuchMethodError'{0x00000000d66e4820}: 'java.lang.Object java.lang.invoke.Invokers$Holder.linkToTargetMethod(java.lang.Object, java.lang.Object, int, java.lang.Object, java.lang.Object)'> (0x00000000d66e4820) 
thrown [s\src\hotspot\share\interpreter\linkResolver.cpp, line 773]
Event: 8.404 Thread 0x00000297f62f3fa0 Exception <a 'java/lang/NoSuchMethodError'{0x00000000d6618f60}: 'java.lang.Object java.lang.invoke.DirectMethodHandle$Holder.invokeSpecial(java.lang.Object, java.lang.Object, int, java.lang.Object, java.lang.Object)'> (0x00000000d6618f60) 
thrown [s\src\hotspot\share\interpreter\linkResolver.cpp, line 773]
Event: 8.406 Thread 0x00000297f62f3fa0 Exception <a 'java/lang/NoSuchMethodError'{0x00000000d661fc98}: 'java.lang.Object java.lang.invoke.DirectMethodHandle$Holder.newInvokeSpecial(java.lang.Object, java.lang.Object, int, java.lang.Object)'> (0x00000000d661fc98) 
thrown [s\src\hotspot\share\interpreter\linkResolver.cpp, line 773]
Event: 8.407 Thread 0x00000297f62f3fa0 Exception <a 'java/lang/NoSuchMethodError'{0x00000000d66235b8}: 'java.lang.Object java.lang.invoke.DirectMethodHandle$Holder.invokeSpecial(java.lang.Object, java.lang.Object, java.lang.Object, int, java.lang.Object)'> (0x00000000d66235b8) 
thrown [s\src\hotspot\share\interpreter\linkResolver.cpp, line 773]
Event: 8.447 Thread 0x00000297f6ab3810 Exception <a 'java/lang/NoSuchMethodError'{0x00000000d6801500}: 'void java.lang.invoke.DirectMethodHandle$Holder.invokeSpecial(java.lang.Object, java.lang.Object, java.lang.Object, java.lang.Object, java.lang.Object)'> (0x00000000d6801500) 
thrown [s\src\hotspot\share\interpreter\linkResolver.cpp, line 773]
Event: 8.703 Thread 0x00000297f6ab3810 Exception <a 'java/lang/NoSuchMethodError'{0x00000000d6ac72d0}: 'double java.lang.invoke.DirectMethodHandle$Holder.invokeStatic(java.lang.Object, java.lang.Object)'> (0x00000000d6ac72d0) 
thrown [s\src\hotspot\share\interpreter\linkResolver.cpp, line 773]
Event: 8.704 Thread 0x00000297f6ab3810 Exception <a 'java/lang/NoSuchMethodError'{0x00000000d6aca990}: 'double java.lang.invoke.DirectMethodHandle$Holder.invokeStaticInit(java.lang.Object, java.lang.Object)'> (0x00000000d6aca990) 
thrown [s\src\hotspot\share\interpreter\linkResolver.cpp, line 773]

ZGC Phase Switch (0 events):
No events

VM Operations (20 events):
Event: 4.667 Executing VM operation: ParallelGCFailedAllocation (Allocation Failure)
Event: 4.681 Executing VM operation: ParallelGCFailedAllocation (Allocation Failure) done
Event: 5.244 Executing VM operation: HandshakeAllThreads (Deoptimize)
Event: 5.244 Executing VM operation: HandshakeAllThreads (Deoptimize) done
Event: 5.993 Executing VM operation: HandshakeAllThreads (Deoptimize)
Event: 5.994 Executing VM operation: HandshakeAllThreads (Deoptimize) done
Event: 5.994 Executing VM operation: Cleanup
Event: 5.994 Executing VM operation: Cleanup done
Event: 6.302 Executing VM operation: ParallelGCFailedAllocation (Allocation Failure)
Event: 6.314 Executing VM operation: ParallelGCFailedAllocation (Allocation Failure) done
Event: 6.479 Executing VM operation: HandshakeAllThreads (Deoptimize)
Event: 6.479 Executing VM operation: HandshakeAllThreads (Deoptimize) done
Event: 6.488 Executing VM operation: HandshakeAllThreads (Deoptimize)
Event: 6.488 Executing VM operation: HandshakeAllThreads (Deoptimize) done
Event: 6.519 Executing VM operation: HandshakeAllThreads (Deoptimize)
Event: 6.520 Executing VM operation: HandshakeAllThreads (Deoptimize) done
Event: 7.524 Executing VM operation: Cleanup
Event: 7.524 Executing VM operation: Cleanup done
Event: 8.219 Executing VM operation: HandshakeAllThreads (Deoptimize)
Event: 8.219 Executing VM operation: HandshakeAllThreads (Deoptimize) done

Memory protections (0 events):
No events

Nmethod flushes (0 events):
No events

Events (19 events):
Event: 0.077 Thread 0x00000297dc972bd0 Thread added: 0x00000297dc972bd0
Event: 0.123 Thread 0x00000297dc972bd0 Thread added: 0x00000297dea4a9d0
Event: 0.123 Thread 0x00000297dc972bd0 Thread added: 0x00000297dea4c2d0
Event: 0.124 Thread 0x00000297dc972bd0 Thread added: 0x00000297dea4e460
Event: 0.124 Thread 0x00000297dc972bd0 Thread added: 0x00000297dea4f370
Event: 0.124 Thread 0x00000297dc972bd0 Thread added: 0x00000297dea54cb0
Event: 0.124 Thread 0x00000297dc972bd0 Thread added: 0x00000297dea598c0
Event: 0.125 Thread 0x00000297dc972bd0 Thread added: 0x00000297dea5ffa0
Event: 0.125 Thread 0x00000297dc972bd0 Thread added: 0x00000297dea5d810
Event: 0.176 Thread 0x00000297dc972bd0 Thread added: 0x00000297dec25d70
Event: 0.762 Thread 0x00000297dc972bd0 Thread added: 0x00000297f63d9c50
Event: 3.627 Thread 0x00000297dc972bd0 Thread added: 0x00000297f69da530
Event: 4.464 Thread 0x00000297dc972bd0 Thread added: 0x00000297f6ab2c60
Event: 4.514 Thread 0x00000297dc972bd0 Thread added: 0x00000297f6ab3810
Event: 5.204 Thread 0x00000297f6ab3810 Thread added: 0x00000297f6b03ca0
Event: 6.062 Thread 0x00000297f6ab3810 Thread added: 0x00000297f64687a0
Event: 8.263 Thread 0x00000297f6ab3810 Thread added: 0x00000297f65db340
Event: 8.364 Thread 0x00000297f6ab3810 Thread added: 0x00000297f62f3fa0
Event: 8.411 Thread 0x00000297f6ab3810 Thread added: 0x00000297f64fc9b0


Dynamic libraries:
0x00007ff769ca0000 - 0x00007ff769cae000 	c:\Users\santi\.vscode\extensions\redhat.java-1.46.0-win32-x64\jre\21.0.8-win32-x86_64\bin\java.exe
0x00007ffb992b0000 - 0x00007ffb994a8000 	C:\WINDOWS\SYSTEM32\ntdll.dll
0x00007ffb97600000 - 0x00007ffb976c2000 	C:\WINDOWS\System32\KERNEL32.DLL
0x00007ffb96bf0000 - 0x00007ffb96ee6000 	C:\WINDOWS\System32\KERNELBASE.dll
0x00007ffb96af0000 - 0x00007ffb96bf0000 	C:\WINDOWS\System32\ucrtbase.dll
0x00007ffb8f5c0000 - 0x00007ffb8f5d8000 	c:\Users\santi\.vscode\extensions\redhat.java-1.46.0-win32-x64\jre\21.0.8-win32-x86_64\bin\jli.dll
0x00007ffb97a10000 - 0x00007ffb97bb1000 	C:\WINDOWS\System32\USER32.dll
0x00007ffb97120000 - 0x00007ffb97142000 	C:\WINDOWS\System32\win32u.dll
0x00007ffb97ce0000 - 0x00007ffb97d0b000 	C:\WINDOWS\System32\GDI32.dll
0x00007ffb96940000 - 0x00007ffb96a59000 	C:\WINDOWS\System32\gdi32full.dll
0x00007ffb97200000 - 0x00007ffb9729d000 	C:\WINDOWS\System32\msvcp_win.dll
0x00007ffb8f5a0000 - 0x00007ffb8f5be000 	c:\Users\santi\.vscode\extensions\redhat.java-1.46.0-win32-x64\jre\21.0.8-win32-x86_64\bin\VCRUNTIME140.dll
0x00007ffb84930000 - 0x00007ffb84bcb000 	C:\WINDOWS\WinSxS\amd64_microsoft.windows.common-controls_6595b64144ccf1df_6.0.19041.6456_none_60b8a6cb71f64256\COMCTL32.dll
0x00007ffb98ac0000 - 0x00007ffb98b5e000 	C:\WINDOWS\System32\msvcrt.dll
0x00007ffb99180000 - 0x00007ffb991af000 	C:\WINDOWS\System32\IMM32.DLL
0x00007ffb92c10000 - 0x00007ffb92c1c000 	c:\Users\santi\.vscode\extensions\redhat.java-1.46.0-win32-x64\jre\21.0.8-win32-x86_64\bin\vcruntime140_1.dll
0x00007ffb74160000 - 0x00007ffb741ed000 	c:\Users\santi\.vscode\extensions\redhat.java-1.46.0-win32-x64\jre\21.0.8-win32-x86_64\bin\msvcp140.dll
0x00007ffb47840000 - 0x00007ffb485d7000 	c:\Users\santi\.vscode\extensions\redhat.java-1.46.0-win32-x64\jre\21.0.8-win32-x86_64\bin\server\jvm.dll
0x00007ffb97730000 - 0x00007ffb977e1000 	C:\WINDOWS\System32\ADVAPI32.dll
0x00007ffb977f0000 - 0x00007ffb9788f000 	C:\WINDOWS\System32\sechost.dll
0x00007ffb97bc0000 - 0x00007ffb97ce0000 	C:\WINDOWS\System32\RPCRT4.dll
0x00007ffb972a0000 - 0x00007ffb972c7000 	C:\WINDOWS\System32\bcrypt.dll
0x00007ffb98fe0000 - 0x00007ffb9904b000 	C:\WINDOWS\System32\WS2_32.dll
0x00007ffb967a0000 - 0x00007ffb967eb000 	C:\WINDOWS\SYSTEM32\POWRPROF.dll
0x00007ffb944f0000 - 0x00007ffb94517000 	C:\WINDOWS\SYSTEM32\WINMM.dll
0x00007ffb8bdc0000 - 0x00007ffb8bdca000 	C:\WINDOWS\SYSTEM32\VERSION.dll
0x00007ffb96780000 - 0x00007ffb96792000 	C:\WINDOWS\SYSTEM32\UMPDC.dll
0x00007ffb95150000 - 0x00007ffb95162000 	C:\WINDOWS\SYSTEM32\kernel.appcore.dll
0x00007ffb8ff70000 - 0x00007ffb8ff7a000 	c:\Users\santi\.vscode\extensions\redhat.java-1.46.0-win32-x64\jre\21.0.8-win32-x86_64\bin\jimage.dll
0x00007ffb942e0000 - 0x00007ffb944e1000 	C:\WINDOWS\SYSTEM32\DBGHELP.DLL
0x00007ffb942a0000 - 0x00007ffb942d4000 	C:\WINDOWS\SYSTEM32\dbgcore.DLL
0x00007ffb96a60000 - 0x00007ffb96ae2000 	C:\WINDOWS\System32\bcryptPrimitives.dll
0x00007ffb8f590000 - 0x00007ffb8f59f000 	c:\Users\santi\.vscode\extensions\redhat.java-1.46.0-win32-x64\jre\21.0.8-win32-x86_64\bin\instrument.dll
0x00007ffb8f2b0000 - 0x00007ffb8f2cf000 	c:\Users\santi\.vscode\extensions\redhat.java-1.46.0-win32-x64\jre\21.0.8-win32-x86_64\bin\java.dll
0x00007ffb97d30000 - 0x00007ffb984a0000 	C:\WINDOWS\System32\SHELL32.dll
0x00007ffb94990000 - 0x00007ffb95135000 	C:\WINDOWS\SYSTEM32\windows.storage.dll
0x00007ffb98520000 - 0x00007ffb98874000 	C:\WINDOWS\System32\combase.dll
0x00007ffb96290000 - 0x00007ffb962bb000 	C:\WINDOWS\SYSTEM32\Wldp.dll
0x00007ffb97890000 - 0x00007ffb9795d000 	C:\WINDOWS\System32\OLEAUT32.dll
0x00007ffb97960000 - 0x00007ffb97a0d000 	C:\WINDOWS\System32\SHCORE.dll
0x00007ffb99210000 - 0x00007ffb9926b000 	C:\WINDOWS\System32\shlwapi.dll
0x00007ffb96870000 - 0x00007ffb96894000 	C:\WINDOWS\SYSTEM32\profapi.dll
0x00007ffb8f1a0000 - 0x00007ffb8f1b8000 	c:\Users\santi\.vscode\extensions\redhat.java-1.46.0-win32-x64\jre\21.0.8-win32-x86_64\bin\zip.dll
0x00007ffb8f190000 - 0x00007ffb8f1a0000 	C:\Users\santi\.vscode\extensions\redhat.java-1.46.0-win32-x64\jre\21.0.8-win32-x86_64\bin\net.dll
0x00007ffb89a60000 - 0x00007ffb89b6a000 	C:\WINDOWS\SYSTEM32\WINHTTP.dll
0x00007ffb95ff0000 - 0x00007ffb9605a000 	C:\WINDOWS\system32\mswsock.dll
0x00007ffb8efc0000 - 0x00007ffb8efd6000 	C:\Users\santi\.vscode\extensions\redhat.java-1.46.0-win32-x64\jre\21.0.8-win32-x86_64\bin\nio.dll
0x00007ffb8efb0000 - 0x00007ffb8efc0000 	c:\Users\santi\.vscode\extensions\redhat.java-1.46.0-win32-x64\jre\21.0.8-win32-x86_64\bin\verify.dll
0x00007ffb89660000 - 0x00007ffb896a4000 	C:\Users\santi\AppData\Roaming\Code\User\globalStorage\redhat.java\1.46.0\config_ss_win\org.eclipse.equinox.launcher\org.eclipse.equinox.launcher.win32.win32.x86_64_1.2.1400.v20250801-0854\eclipse_11916.dll
0x00007ffb99050000 - 0x00007ffb9917b000 	C:\WINDOWS\System32\ole32.dll
0x00007ffb961f0000 - 0x00007ffb96208000 	C:\WINDOWS\SYSTEM32\CRYPTSP.dll
0x00007ffb95910000 - 0x00007ffb95948000 	C:\WINDOWS\system32\rsaenh.dll
0x00007ffb96830000 - 0x00007ffb9685e000 	C:\WINDOWS\SYSTEM32\USERENV.dll
0x00007ffb961e0000 - 0x00007ffb961ec000 	C:\WINDOWS\SYSTEM32\CRYPTBASE.dll
0x00007ffb95cd0000 - 0x00007ffb95d0b000 	C:\WINDOWS\SYSTEM32\IPHLPAPI.DLL
0x00007ffb97d20000 - 0x00007ffb97d28000 	C:\WINDOWS\System32\NSI.dll
0x00007ffb841c0000 - 0x00007ffb84209000 	C:\Users\santi\AppData\Local\Temp\jna-109204053\jna9905028354475104788.dll
0x00007ffb98fd0000 - 0x00007ffb98fd8000 	C:\WINDOWS\System32\PSAPI.DLL

JVMTI agents:
c:\Users\santi\.vscode\extensions\redhat.java-1.46.0-win32-x64\lombok\lombok-1.18.39-4050.jar path:c:\Users\santi\.vscode\extensions\redhat.java-1.46.0-win32-x64\jre\21.0.8-win32-x86_64\bin\instrument.dll, loaded, initialized, instrumentlib options:none

dbghelp: loaded successfully - version: 4.0.5 - missing functions: none
symbol engine: initialized successfully - sym options: 0x614 - pdb path: .;c:\Users\santi\.vscode\extensions\redhat.java-1.46.0-win32-x64\jre\21.0.8-win32-x86_64\bin;C:\WINDOWS\SYSTEM32;C:\WINDOWS\WinSxS\amd64_microsoft.windows.common-controls_6595b64144ccf1df_6.0.19041.6456_none_60b8a6cb71f64256;c:\Users\santi\.vscode\extensions\redhat.java-1.46.0-win32-x64\jre\21.0.8-win32-x86_64\bin\server;C:\Users\santi\AppData\Roaming\Code\User\globalStorage\redhat.java\1.46.0\config_ss_win\org.eclipse.equinox.launcher\org.eclipse.equinox.launcher.win32.win32.x86_64_1.2.1400.v20250801-0854;C:\Users\santi\AppData\Local\Temp\jna-109204053

VM Arguments:
jvm_args: --add-modules=ALL-SYSTEM --add-opens=java.base/java.util=ALL-UNNAMED --add-opens=java.base/java.lang=ALL-UNNAMED --add-opens=java.base/sun.nio.fs=ALL-UNNAMED -Declipse.application=org.eclipse.jdt.ls.core.id1 -Dosgi.bundles.defaultStartLevel=4 -Declipse.product=org.eclipse.jdt.ls.core.product -Djava.import.generatesMetadataFilesAtProjectRoot=false -DDetectVMInstallationsJob.disabled=true -Dfile.encoding=utf8 -XX:+UseParallelGC -XX:GCTimeRatio=4 -XX:AdaptiveSizePolicyWeight=90 -Dsun.zip.disableMemoryMapping=true -Xmx2G -Xms100m -Xlog:disable -javaagent:c:\Users\santi\.vscode\extensions\redhat.java-1.46.0-win32-x64\lombok\lombok-1.18.39-4050.jar 
java_command: c:\Users\santi\.vscode\extensions\redhat.java-1.46.0-win32-x64\server\plugins\org.eclipse.equinox.launcher_1.7.0.v20250519-0528.jar -configuration c:\Users\santi\AppData\Roaming\Code\User\globalStorage\redhat.java\1.46.0\config_ss_win -data c:\Users\santi\AppData\Roaming\Code\User\workspaceStorage\69164ae74b4432cac3d4f90c7d72ace6\redhat.java\ss_ws --pipe=\\.\pipe\lsp-de096c4999eb65f63af870d6a1123a7a-sock
java_class_path (initial): c:\Users\santi\.vscode\extensions\redhat.java-1.46.0-win32-x64\server\plugins\org.eclipse.equinox.launcher_1.7.0.v20250519-0528.jar
Launcher Type: SUN_STANDARD

[Global flags]
    uintx AdaptiveSizePolicyWeight                 = 90                                        {product} {command line}
     intx CICompilerCount                          = 3                                         {product} {ergonomic}
    uintx GCTimeRatio                              = 4                                         {product} {command line}
   size_t InitialHeapSize                          = 104857600                                 {product} {command line}
   size_t MaxHeapSize                              = 2147483648                                {product} {command line}
   size_t MaxNewSize                               = 715653120                                 {product} {ergonomic}
   size_t MinHeapDeltaBytes                        = 524288                                    {product} {ergonomic}
   size_t MinHeapSize                              = 104857600                                 {product} {command line}
   size_t NewSize                                  = 34603008                                  {product} {ergonomic}
    uintx NonNMethodCodeHeapSize                   = 5832780                                {pd product} {ergonomic}
    uintx NonProfiledCodeHeapSize                  = 122912730                              {pd product} {ergonomic}
   size_t OldSize                                  = 70254592                                  {product} {ergonomic}
    uintx ProfiledCodeHeapSize                     = 122912730                              {pd product} {ergonomic}
    uintx ReservedCodeCacheSize                    = 251658240                              {pd product} {ergonomic}
     bool SegmentedCodeCache                       = true                                      {product} {ergonomic}
   size_t SoftMaxHeapSize                          = 2147483648                             {manageable} {ergonomic}
     bool UseCompressedOops                        = true                           {product lp64_product} {ergonomic}
     bool UseLargePagesIndividualAllocation        = false                                  {pd product} {ergonomic}
     bool UseParallelGC                            = true                                      {product} {command line}

Logging:
Log output configuration:
 #0: stdout all=off uptime,level,tags foldmultilines=false
 #1: stderr all=off uptime,level,tags foldmultilines=false

Environment Variables:
JAVA_HOME=C:\Program Files\java\jdk-23
PATH=C:\Python313\Scripts\;C:\Python313\;C:\Program Files\Common Files\Oracle\Java\javapath;C:\Program Files\java\jdk-23\bin;C:\apache-maven-3.9.10\bin;C:\WINDOWS\system32;C:\WINDOWS;C:\WINDOWS\System32\Wbem;C:\WINDOWS\System32\WindowsPowerShell\v1.0\;C:\WINDOWS\System32\OpenSSH\;C:\Program Files\Git\cmd;C:\Program Files (x86)\Microsoft SQL Server\160\Tools\Binn\;C:\Program Files\Microsoft SQL Server\160\Tools\Binn\;C:\Program Files\Microsoft SQL Server\Client SDK\ODBC\170\Tools\Binn\;C:\Program Files\Microsoft SQL Server\160\DTS\Binn\;C:\Program Files\nodejs\;C:\Users\santi\AppData\Local\Microsoft\WindowsApps;C:\Users\santi\AppData\Local\Programs\Microsoft VS Code\bin;C:\Users\santi\AppData\Roaming\npm
USERNAME=santi
OS=Windows_NT
PROCESSOR_IDENTIFIER=AMD64 Family 23 Model 24 Stepping 1, AuthenticAMD
TMP=C:\Users\santi\AppData\Local\Temp
TEMP=C:\Users\santi\AppData\Local\Temp




Periodic native trim disabled

---------------  S Y S T E M  ---------------

OS:
 Windows 10 , 64 bit Build 19041 (10.0.19041.5915)
OS uptime: 0 days 3:14 hours

CPU: total 4 (initial active 4) (4 cores per cpu, 2 threads per core) family 23 model 24 stepping 1 microcode 0x0, cx8, cmov, fxsr, ht, mmx, 3dnowpref, sse, sse2, sse3, ssse3, sse4a, sse4.1, sse4.2, popcnt, lzcnt, tsc, tscinvbit, avx, avx2, aes, clmul, bmi1, bmi2, adx, sha, fma, vzeroupper, clflush, clflushopt, rdtscp, f16c
Processor Information for the first 4 processors :
  Max Mhz: 2400, Current Mhz: 2400, Mhz Limit: 2400

Memory: 4k page, system-wide physical 3521M (138M free)
TotalPageFile size 14273M (AvailPageFile size 1M)
current process WorkingSet (physical memory assigned to process): 124M, peak: 124M
current process commit charge ("private bytes"): 256M, peak: 256M

vm_info: OpenJDK 64-Bit Server VM (21.0.8+9-LTS) for windows-amd64 JRE (21.0.8+9-LTS), built on 2025-07-15T00:00:00Z by "admin" with MS VC++ 17.7 (VS2022)

END.
